#
# There is insufficient memory for the Java Runtime Environment to continue.
# Native memory allocation (malloc) failed to allocate 32744 bytes for ChunkPool::allocate
# Possible reasons:
#   The system is out of physical RAM or swap space
#   In 32 bit mode, the process size limit was hit
# Possible solutions:
#   Reduce memory load on the system
#   Increase physical memory or swap space
#   Check if swap backing store is full
#   Use 64 bit Java on a 64 bit OS
#   Decrease Java heap size (-Xmx/-Xms)
#   Decrease number of Java threads
#   Decrease Java thread stack sizes (-Xss)
#   Set larger code cache with -XX:ReservedCodeCacheSize=
# This output file may be truncated or incomplete.
#
#  Out of Memory Error (allocation.cpp:273), pid=3356, tid=0x0000000000003d1c
#
# JRE version: Java(TM) SE Runtime Environment (8.0_121-b13) (build 1.8.0_121-b13)
# Java VM: Java HotSpot(TM) 64-Bit Server VM (25.121-b13 mixed mode windows-amd64 compressed oops)
# Failed to write core dump. Minidumps are not enabled by default on client versions of Windows
#

---------------  T H R E A D  ---------------

Current thread (0x000000001c08e800):  JavaThread "C2 CompilerThread1" daemon [_thread_in_native, id=15644, stack(0x000000001c950000,0x000000001ca50000)]

Stack: [0x000000001c950000,0x000000001ca50000]
[error occurred during error reporting (printing stack bounds), id 0xc0000005]

Native frames: (J=compiled Java code, j=interpreted, Vv=VM code, C=native code)


Current CompileTask:
C2:  74698 1474       4       javax.swing.plaf.metal.MetalUtils$GradientPainter::paintImage (157 bytes)


---------------  P R O C E S S  ---------------

Java Threads: ( => current thread )
  0x0000000002ead800 JavaThread "DestroyJavaVM" [_thread_blocked, id=16896, stack(0x0000000002c00000,0x0000000002d00000)]
  0x000000001d0ef000 JavaThread "TimerQueue" daemon [_thread_blocked, id=18784, stack(0x000000001f970000,0x000000001fa70000)]
  0x000000001cfeb000 JavaThread "AWT-EventQueue-0" [_thread_blocked, id=10520, stack(0x000000001e400000,0x000000001e500000)]
  0x000000001cfcd000 JavaThread "AWT-Windows" daemon [_thread_in_native, id=9464, stack(0x000000001da50000,0x000000001db50000)]
  0x000000001cfca800 JavaThread "AWT-Shutdown" [_thread_blocked, id=11988, stack(0x000000001d950000,0x000000001da50000)]
  0x000000001c459800 JavaThread "Java2D Disposer" daemon [_thread_blocked, id=16284, stack(0x000000001d780000,0x000000001d880000)]
  0x000000001c131000 JavaThread "Service Thread" daemon [_thread_blocked, id=19624, stack(0x000000001cc50000,0x000000001cd50000)]
  0x000000001c0a2800 JavaThread "C1 CompilerThread3" daemon [_thread_blocked, id=6404, stack(0x000000001cb50000,0x000000001cc50000)]
  0x000000001c09b800 JavaThread "C2 CompilerThread2" daemon [_thread_blocked, id=8000, stack(0x000000001ca50000,0x000000001cb50000)]
=>0x000000001c08e800 JavaThread "C2 CompilerThread1" daemon [_thread_in_native, id=15644, stack(0x000000001c950000,0x000000001ca50000)]
  0x000000001c08b000 JavaThread "C2 CompilerThread0" daemon [_thread_blocked, id=1492, stack(0x000000001c850000,0x000000001c950000)]
  0x000000001c089000 JavaThread "Attach Listener" daemon [_thread_blocked, id=21372, stack(0x000000001c750000,0x000000001c850000)]
  0x000000001c088000 JavaThread "Signal Dispatcher" daemon [_thread_blocked, id=8832, stack(0x000000001c650000,0x000000001c750000)]
  0x000000001c080800 JavaThread "Finalizer" daemon [_thread_blocked, id=19216, stack(0x000000001c460000,0x000000001c560000)]
  0x0000000002e28800 JavaThread "Reference Handler" daemon [_thread_blocked, id=12168, stack(0x000000001bf60000,0x000000001c060000)]

Other Threads:
  0x000000001a199000 VMThread [stack: 0x000000001be60000,0x000000001bf60000] [id=15872]
  0x000000001c134800 WatcherThread [stack: 0x000000001cd50000,0x000000001ce50000] [id=10840]

VM state:not at safepoint (normal execution)

VM Mutex/Monitor currently owned by a thread: None

Heap:
 PSYoungGen      total 56320K, used 20716K [0x0000000781a00000, 0x0000000785880000, 0x00000007c0000000)
  eden space 48640K, 26% used [0x0000000781a00000,0x00000007826c3850,0x0000000784980000)
  from space 7680K, 99% used [0x0000000785100000,0x0000000785877b38,0x0000000785880000)
  to   space 7680K, 0% used [0x0000000784980000,0x0000000784980000,0x0000000785100000)
 ParOldGen       total 128512K, used 15836K [0x0000000704e00000, 0x000000070cb80000, 0x0000000781a00000)
  object space 128512K, 12% used [0x0000000704e00000,0x0000000705d772b0,0x000000070cb80000)
 Metaspace       used 11243K, capacity 11430K, committed 11520K, reserved 1058816K
  class space    used 1405K, capacity 1479K, committed 1536K, reserved 1048576K

Card table byte_map: [0x0000000012270000,0x0000000012850000] byte_map_base: 0x000000000ea49000

Marking Bits: (ParMarkBitMap*) 0x00000000662fb6d0
 Begin Bits: [0x0000000013440000, 0x0000000016308000)
 End Bits:   [0x0000000016308000, 0x00000000191d0000)

Polling page: 0x0000000001430000

CodeCache: size=245760Kb used=4893Kb max_used=4914Kb free=240866Kb
 bounds [0x0000000002eb0000, 0x0000000003380000, 0x0000000011eb0000]
 total_blobs=1949 nmethods=1473 adapters=388
 compilation: enabled

Compilation events (10 events):
Event: 53.054 Thread 0x000000001c09b800 nmethod 1469 0x000000000336bc90 code [0x000000000336bde0, 0x000000000336c128]
Event: 54.617 Thread 0x000000001c08b000 1470       4       java.util.HashMap$HashIterator::hasNext (13 bytes)
Event: 54.618 Thread 0x000000001c08b000 nmethod 1470 0x000000000336ba90 code [0x000000000336bbc0, 0x000000000336bc38]
Event: 55.046 Thread 0x000000001c08e800 1471       4       java.util.IdentityHashMap$KeySet::iterator (13 bytes)
Event: 55.048 Thread 0x000000001c08e800 nmethod 1471 0x000000000337dbd0 code [0x000000000337dd20, 0x000000000337de28]
Event: 56.139 Thread 0x000000001c09b800 1472       4       java.util.IdentityHashMap$KeyIterator::<init> (6 bytes)
Event: 56.139 Thread 0x000000001c08b000 1473       4       java.util.IdentityHashMap$KeyIterator::<init> (12 bytes)
Event: 56.140 Thread 0x000000001c08b000 nmethod 1473 0x000000000337f6d0 code [0x000000000337f800, 0x000000000337f8d8]
Event: 56.140 Thread 0x000000001c09b800 nmethod 1472 0x0000000003351610 code [0x0000000003351740, 0x0000000003351818]
Event: 74.669 Thread 0x000000001c08e800 1474       4       javax.swing.plaf.metal.MetalUtils$GradientPainter::paintImage (157 bytes)

GC Heap History (4 events):
Event: 17.968 GC heap before
{Heap before GC invocations=1 (full 0):
 PSYoungGen      total 56320K, used 48640K [0x0000000781a00000, 0x0000000785880000, 0x00000007c0000000)
  eden space 48640K, 100% used [0x0000000781a00000,0x0000000784980000,0x0000000784980000)
  from space 7680K, 0% used [0x0000000785100000,0x0000000785100000,0x0000000785880000)
  to   space 7680K, 0% used [0x0000000784980000,0x0000000784980000,0x0000000785100000)
 ParOldGen       total 128512K, used 0K [0x0000000704e00000, 0x000000070cb80000, 0x0000000781a00000)
  object space 128512K, 0% used [0x0000000704e00000,0x0000000704e00000,0x000000070cb80000)
 Metaspace       used 11237K, capacity 11430K, committed 11520K, reserved 1058816K
  class space    used 1403K, capacity 1479K, committed 1536K, reserved 1048576K
Event: 17.974 GC heap after
Heap after GC invocations=1 (full 0):
 PSYoungGen      total 56320K, used 7676K [0x0000000781a00000, 0x0000000785880000, 0x00000007c0000000)
  eden space 48640K, 0% used [0x0000000781a00000,0x0000000781a00000,0x0000000784980000)
  from space 7680K, 99% used [0x0000000784980000,0x00000007850ff2a8,0x0000000785100000)
  to   space 7680K, 0% used [0x0000000785100000,0x0000000785100000,0x0000000785880000)
 ParOldGen       total 128512K, used 6091K [0x0000000704e00000, 0x000000070cb80000, 0x0000000781a00000)
  object space 128512K, 4% used [0x0000000704e00000,0x00000007053f2c40,0x000000070cb80000)
 Metaspace       used 11237K, capacity 11430K, committed 11520K, reserved 1058816K
  class space    used 1403K, capacity 1479K, committed 1536K, reserved 1048576K
}
Event: 63.147 GC heap before
{Heap before GC invocations=2 (full 0):
 PSYoungGen      total 56320K, used 56316K [0x0000000781a00000, 0x0000000785880000, 0x00000007c0000000)
  eden space 48640K, 100% used [0x0000000781a00000,0x0000000784980000,0x0000000784980000)
  from space 7680K, 99% used [0x0000000784980000,0x00000007850ff2a8,0x0000000785100000)
  to   space 7680K, 0% used [0x0000000785100000,0x0000000785100000,0x0000000785880000)
 ParOldGen       total 128512K, used 6091K [0x0000000704e00000, 0x000000070cb80000, 0x0000000781a00000)
  object space 128512K, 4% used [0x0000000704e00000,0x00000007053f2c40,0x000000070cb80000)
 Metaspace       used 11243K, capacity 11430K, committed 11520K, reserved 1058816K
  class space    used 1405K, capacity 1479K, committed 1536K, reserved 1048576K
Event: 63.156 GC heap after
Heap after GC invocations=2 (full 0):
 PSYoungGen      total 56320K, used 7646K [0x0000000781a00000, 0x0000000785880000, 0x00000007c0000000)
  eden space 48640K, 0% used [0x0000000781a00000,0x0000000781a00000,0x0000000784980000)
  from space 7680K, 99% used [0x0000000785100000,0x0000000785877b38,0x0000000785880000)
  to   space 7680K, 0% used [0x0000000784980000,0x0000000784980000,0x0000000785100000)
 ParOldGen       total 128512K, used 15836K [0x0000000704e00000, 0x000000070cb80000, 0x0000000781a00000)
  object space 128512K, 12% used [0x0000000704e00000,0x0000000705d772b0,0x000000070cb80000)
 Metaspace       used 11243K, capacity 11430K, committed 11520K, reserved 1058816K
  class space    used 1405K, capacity 1479K, committed 1536K, reserved 1048576K
}

Deoptimization events (6 events):
Event: 0.247 Thread 0x0000000002ead800 Uncommon trap: reason=null_check action=make_not_entrant pc=0x0000000003026f04 method=java.lang.String.equals(Ljava/lang/Object;)Z @ 8
Event: 0.468 Thread 0x0000000002ead800 Uncommon trap: reason=unstable_if action=reinterpret pc=0x000000000308f1e8 method=sun.awt.image.ByteInterleavedRaster.putByteData(IIII[B)V @ 395
Event: 17.974 Thread 0x000000001cfeb000 Uncommon trap: reason=unstable_if action=reinterpret pc=0x00000000032e3fb8 method=java.lang.ref.SoftReference.get()Ljava/lang/Object; @ 17
Event: 17.974 Thread 0x000000001cfeb000 Uncommon trap: reason=unstable_if action=reinterpret pc=0x0000000003296a34 method=java.lang.ref.SoftReference.get()Ljava/lang/Object; @ 17
Event: 17.974 Thread 0x000000001cfeb000 Uncommon trap: reason=unstable_if action=reinterpret pc=0x000000000324e704 method=java.lang.ref.SoftReference.get()Ljava/lang/Object; @ 17
Event: 17.974 Thread 0x000000001cfeb000 Uncommon trap: reason=unstable_if action=reinterpret pc=0x00000000032e9348 method=java.lang.ref.SoftReference.get()Ljava/lang/Object; @ 17

Internal exceptions (10 events):
Event: 0.032 Thread 0x0000000002ead800 Exception <a 'java/lang/NoSuchMethodError': Method sun.misc.Unsafe.prefetchRead(Ljava/lang/Object;J)V name or signature does not match> (0x0000000781a07f90) thrown at [C:\re\workspace\8-2-build-windows-amd64-cygwin\jdk8u121\8372\hotspot\src\share\vm\prims
Event: 0.104 Thread 0x0000000002ead800 Exception <a 'java/security/PrivilegedActionException'> (0x0000000781a8cb60) thrown at [C:\re\workspace\8-2-build-windows-amd64-cygwin\jdk8u121\8372\hotspot\src\share\vm\prims\jvm.cpp, line 1390]
Event: 0.104 Thread 0x0000000002ead800 Exception <a 'java/security/PrivilegedActionException'> (0x0000000781a8cd70) thrown at [C:\re\workspace\8-2-build-windows-amd64-cygwin\jdk8u121\8372\hotspot\src\share\vm\prims\jvm.cpp, line 1390]
Event: 0.105 Thread 0x0000000002ead800 Exception <a 'java/security/PrivilegedActionException'> (0x0000000781a909e0) thrown at [C:\re\workspace\8-2-build-windows-amd64-cygwin\jdk8u121\8372\hotspot\src\share\vm\prims\jvm.cpp, line 1390]
Event: 0.105 Thread 0x0000000002ead800 Exception <a 'java/security/PrivilegedActionException'> (0x0000000781a90bf0) thrown at [C:\re\workspace\8-2-build-windows-amd64-cygwin\jdk8u121\8372\hotspot\src\share\vm\prims\jvm.cpp, line 1390]
Event: 0.110 Thread 0x0000000002ead800 Exception <a 'java/io/FileNotFoundException'> (0x0000000781a93118) thrown at [C:\re\workspace\8-2-build-windows-amd64-cygwin\jdk8u121\8372\hotspot\src\share\vm\prims\jni.cpp, line 709]
Event: 0.140 Thread 0x0000000002ead800 Exception <a 'java/lang/NoSuchFieldError': method resolution failed> (0x0000000781c546c8) thrown at [C:\re\workspace\8-2-build-windows-amd64-cygwin\jdk8u121\8372\hotspot\src\share\vm\prims\methodHandles.cpp, line 1146]
Event: 0.142 Thread 0x0000000002ead800 Exception <a 'java/lang/NoSuchFieldError': method resolution failed> (0x0000000781c61a98) thrown at [C:\re\workspace\8-2-build-windows-amd64-cygwin\jdk8u121\8372\hotspot\src\share\vm\prims\methodHandles.cpp, line 1146]
Event: 0.204 Thread 0x0000000002ead800 Exception <a 'java/io/FileNotFoundException'> (0x0000000781cf5f98) thrown at [C:\re\workspace\8-2-build-windows-amd64-cygwin\jdk8u121\8372\hotspot\src\share\vm\prims\jni.cpp, line 709]
Event: 0.247 Thread 0x0000000002ead800 Implicit null exception at 0x0000000003026d1c to 0x0000000003026ef5

Events (10 events):
Event: 17.974 Thread 0x000000001cfeb000 DEOPT PACKING pc=0x00000000032e9348 sp=0x000000001e4fc010
Event: 17.974 Thread 0x000000001cfeb000 DEOPT UNPACKING pc=0x0000000002ef582a sp=0x000000001e4fbf60 mode 2
Event: 27.989 loading class java/security/DomainCombiner
Event: 27.989 loading class java/security/DomainCombiner done
Event: 52.199 loading class sun/awt/EventQueueDelegate$Delegate
Event: 52.200 loading class sun/awt/EventQueueDelegate$Delegate done
Event: 56.139 loading class java/util/IdentityHashMap$1
Event: 56.139 loading class java/util/IdentityHashMap$1 done
Event: 63.147 Executing VM operation: ParallelGCFailedAllocation
Event: 63.156 Executing VM operation: ParallelGCFailedAllocation done


Dynamic libraries:
0x00007ff6293b0000 - 0x00007ff6293e7000 	C:\Program Files\Java\jre1.8.0_121\bin\javaw.exe
0x00007ff9b2d80000 - 0x00007ff9b2f5b000 	C:\WINDOWS\SYSTEM32\ntdll.dll
0x00007ff9b02e0000 - 0x00007ff9b038e000 	C:\WINDOWS\System32\KERNEL32.DLL
0x00007ff9afd80000 - 0x00007ff9affc9000 	C:\WINDOWS\System32\KERNELBASE.dll
0x00007ff9b09e0000 - 0x00007ff9b0a81000 	C:\WINDOWS\System32\ADVAPI32.dll
0x00007ff9b0930000 - 0x00007ff9b09cd000 	C:\WINDOWS\System32\msvcrt.dll
0x00007ff9b0690000 - 0x00007ff9b06e9000 	C:\WINDOWS\System32\sechost.dll
0x00007ff9b0eb0000 - 0x00007ff9b0fd5000 	C:\WINDOWS\System32\RPCRT4.dll
0x00007ff9b0b10000 - 0x00007ff9b0c5a000 	C:\WINDOWS\System32\USER32.dll
0x00007ff9afd60000 - 0x00007ff9afd7e000 	C:\WINDOWS\System32\win32u.dll
0x00007ff9b2ad0000 - 0x00007ff9b2af7000 	C:\WINDOWS\System32\GDI32.dll
0x00007ff9b0030000 - 0x00007ff9b01b9000 	C:\WINDOWS\System32\gdi32full.dll
0x00007ff9af2a0000 - 0x00007ff9af33a000 	C:\WINDOWS\System32\msvcp_win.dll
0x00007ff9af390000 - 0x00007ff9af486000 	C:\WINDOWS\System32\ucrtbase.dll
0x00007ff99f8c0000 - 0x00007ff99fb27000 	C:\WINDOWS\WinSxS\amd64_microsoft.windows.common-controls_6595b64144ccf1df_6.0.15063.0_none_108e4f62dfe5d999\COMCTL32.dll
0x00007ff9b0390000 - 0x00007ff9b0689000 	C:\WINDOWS\System32\combase.dll
0x00007ff9b01c0000 - 0x00007ff9b022a000 	C:\WINDOWS\System32\bcryptPrimitives.dll
0x00007ff9b0c70000 - 0x00007ff9b0c9d000 	C:\WINDOWS\System32\IMM32.DLL
0x00000000670d0000 - 0x00000000671a2000 	C:\Program Files\Java\jre1.8.0_121\bin\msvcr100.dll
0x0000000065ae0000 - 0x000000006637b000 	C:\Program Files\Java\jre1.8.0_121\bin\server\jvm.dll
0x00007ff9b09d0000 - 0x00007ff9b09d8000 	C:\WINDOWS\System32\PSAPI.DLL
0x00007ff9a3eb0000 - 0x00007ff9a3eb9000 	C:\WINDOWS\SYSTEM32\WSOCK32.dll
0x00007ff9a5cd0000 - 0x00007ff9a5cf3000 	C:\WINDOWS\SYSTEM32\WINMM.dll
0x00007ff9a7970000 - 0x00007ff9a797a000 	C:\WINDOWS\SYSTEM32\VERSION.dll
0x00007ff9b0aa0000 - 0x00007ff9b0b0c000 	C:\WINDOWS\System32\WS2_32.dll
0x00007ff9a4650000 - 0x00007ff9a467b000 	C:\WINDOWS\SYSTEM32\WINMMBASE.dll
0x00007ff9af340000 - 0x00007ff9af389000 	C:\WINDOWS\System32\cfgmgr32.dll
0x00000000695b0000 - 0x00000000695bf000 	C:\Program Files\Java\jre1.8.0_121\bin\verify.dll
0x0000000067b20000 - 0x0000000067b49000 	C:\Program Files\Java\jre1.8.0_121\bin\java.dll
0x0000000069290000 - 0x00000000692a6000 	C:\Program Files\Java\jre1.8.0_121\bin\zip.dll
0x00007ff9b1610000 - 0x00007ff9b2a47000 	C:\WINDOWS\System32\SHELL32.dll
0x00007ff9b2b60000 - 0x00007ff9b2c0a000 	C:\WINDOWS\System32\shcore.dll
0x00007ff9af660000 - 0x00007ff9afd52000 	C:\WINDOWS\System32\windows.storage.dll
0x00007ff9b2b00000 - 0x00007ff9b2b51000 	C:\WINDOWS\System32\shlwapi.dll
0x00007ff9af280000 - 0x00007ff9af291000 	C:\WINDOWS\System32\kernel.appcore.dll
0x00007ff9af210000 - 0x00007ff9af25c000 	C:\WINDOWS\System32\powrprof.dll
0x00007ff9af1f0000 - 0x00007ff9af205000 	C:\WINDOWS\System32\profapi.dll
0x0000000065940000 - 0x0000000065ad8000 	C:\Program Files\Java\jre1.8.0_121\bin\awt.dll
0x00007ff9b0df0000 - 0x00007ff9b0eaf000 	C:\WINDOWS\System32\OLEAUT32.dll
0x00007ff9ad860000 - 0x00007ff9ad8de000 	C:\WINDOWS\SYSTEM32\apphelp.dll
0x00007ff99fd50000 - 0x00007ff99fd7a000 	C:\WINDOWS\system32\DWMAPI.DLL
0x00007ff9ada10000 - 0x00007ff9adaa5000 	C:\WINDOWS\system32\uxtheme.dll
0x00007ff98cf90000 - 0x00007ff98d0b1000 	C:\WINDOWS\system32\opengl32.dll
0x00007ff98cf20000 - 0x00007ff98cf4c000 	C:\WINDOWS\SYSTEM32\GLU32.dll
0x00007ff9b1060000 - 0x00007ff9b11c6000 	C:\WINDOWS\System32\MSCTF.dll
0x00007ff9938b0000 - 0x00007ff993951000 	C:\Program Files\Common Files\microsoft shared\ink\tiptsf.dll
0x00007ff98f160000 - 0x00007ff98f1a8000 	C:\Program Files (x86)\TeamViewer\tv_x64.dll
0x00007ff9b0ca0000 - 0x00007ff9b0de5000 	C:\WINDOWS\System32\ole32.dll
0x0000000066810000 - 0x0000000066857000 	C:\Program Files\Java\jre1.8.0_121\bin\fontmanager.dll
0x00007ff9a0150000 - 0x00007ff9a01d2000 	C:\WINDOWS\System32\TextInputFramework.dll
0x00007ff99fd80000 - 0x00007ff9a0052000 	C:\WINDOWS\System32\CoreUIComponents.dll
0x00007ff9ad200000 - 0x00007ff9ad2e3000 	C:\WINDOWS\System32\CoreMessaging.dll
0x00007ff9ae4f0000 - 0x00007ff9ae521000 	C:\WINDOWS\SYSTEM32\ntmarta.dll
0x00007ff9ac1f0000 - 0x00007ff9ac329000 	C:\WINDOWS\SYSTEM32\wintypes.dll
0x00007ff9a9270000 - 0x00007ff9a9285000 	C:\WINDOWS\SYSTEM32\usermgrcli.dll
0x00007ff9b06f0000 - 0x00007ff9b078e000 	C:\WINDOWS\System32\clbcatq.dll
0x00007ff9936e0000 - 0x00007ff9938a5000 	C:\Windows\System32\uiautomationcore.dll
0x00007ff9af020000 - 0x00007ff9af0ba000 	C:\WINDOWS\SYSTEM32\sxs.dll
0x00007ff99fbc0000 - 0x00007ff99fc2b000 	C:\Windows\System32\OLEACC.dll
0x00007ff993bb0000 - 0x00007ff993c32000 	C:\WINDOWS\SYSTEM32\twinapi.dll
0x00007ff9adb00000 - 0x00007ff9adc70000 	C:\WINDOWS\SYSTEM32\twinapi.appcore.dll
0x00007ff9af0c0000 - 0x00007ff9af0e5000 	C:\WINDOWS\SYSTEM32\bcrypt.dll
0x0000000068a00000 - 0x0000000068a1a000 	C:\Program Files\Java\jre1.8.0_121\bin\net.dll
0x00007ff9aeaa0000 - 0x00007ff9aeafc000 	C:\WINDOWS\system32\mswsock.dll
0x0000000067b00000 - 0x0000000067b11000 	C:\Program Files\Java\jre1.8.0_121\bin\nio.dll
0x00000000667c0000 - 0x0000000066802000 	C:\Program Files\Java\jre1.8.0_121\bin\t2k.dll

VM Arguments:
jvm_args: -Dfile.encoding=Cp1252 
java_command: PhysicsDash
java_class_path (initial): C:\Users\Kirtan\Documents\GitHub\PhysicsDash\bin
Launcher Type: SUN_STANDARD

Environment Variables:
JAVA_HOME=C:\Program Files\Java\jdk1.8.0_11
PATH=C:/Program Files/Java/jre1.8.0_121/bin/server;C:/Program Files/Java/jre1.8.0_121/bin;C:/Program Files/Java/jre1.8.0_121/lib/amd64;C:\ProgramData\Oracle\Java\javapath;C:\Program Files\ImageMagick-6.9.3-Q16;C:\WINDOWS\system32;C:\WINDOWS;C:\WINDOWS\System32\Wbem;C:\WINDOWS\System32\WindowsPowerShell\v1.0\;C:\Program Files (x86)\IVI Foundation\VISA\WinNT\Bin;C:\Program Files\Intel\WiFi\bin\;C:\Program Files\Common Files\Intel\WirelessCommon\;C:\Program Files\Samsung\AllShare Framework DMS\1.3.23\;C:\Program Files\Samsung\AllShare Framework DMS\1.3.23\64bit\;C:\Program Files\7-Zip;C:\Program Files (x86)\Windows Live\Shared;C:\Program Files\Java\jdk1.8.0_11\bin;C:\Program Files (x86)\Skype\Phone\;C:\Program Files (x86)\QuickTime\QTSystem\;C:\Python27;C:\Program Files\apache-maven-3.3.9\bin;C:\Program Files\nodejs\;C:\Program Files\LLVM\bin;C:\MinGW\bin;C:\Program Files\CMake\bin;C:\Users\Kirtan\Downloads\OpenBLAS-v0.2.19-Win64-int32\bin;C:\Program Files (x86)\Windows Kits\10\Windows Performance Toolkit\;C:\Program Files\PuTTY\;C:\Ruby23-x64\bin;C:\Program Files\Java\jdk1.8.0_11\bin;C:\Users\Kirtan\AppData\Local\Microsoft\WindowsApps;C:\Users\Kirtan\AppData\Local\atom\bin;C:\Users\Kirtan\AppData\Roaming\npm;%USERPROFILE%\AppData\Local\Microsoft\WindowsApps;;C:\Users\Kirtan\eclipse\jee-neon\eclipse;
USERNAME=Kirtan
OS=Windows_NT
PROCESSOR_IDENTIFIER=Intel64 Family 6 Model 58 Stepping 9, GenuineIntel



---------------  S Y S T E M  ---------------

OS: Windows 10.0 , 64 bit Build 15063 (10.0.15063.296)

CPU:total 8 (4 cores per cpu, 2 threads per core) family 6 model 58 stepping 9, cmov, cx8, fxsr, mmx, sse, sse2, sse3, ssse3, sse4.1, sse4.2, popcnt, avx, aes, clmul, erms, ht, tsc, tscinvbit, tscinv

Memory: 4k page, physical 12263036k(4260384k free), swap 13311612k(2532k free)

vm_info: Java HotSpot(TM) 64-Bit Server VM (25.121-b13) for windows-amd64 JRE (1.8.0_121-b13), built on Dec 12 2016 18:21:36 by "java_re" with MS VC++ 10.0 (VS2010)

time: Wed May 10 19:25:35 2017
elapsed time: 74 seconds (0d 0h 1m 14s)

